1649136263148:exit
1649136826064:help
1649136876897:rectangle:analyze 1,11
1649137170835:exit
1649137559820:rectangle:analyze
1649137581299:4,2
1649137589236:4,1
1649137597484:5,1
1649137603860:5,2
1649137622811:3,3
1649137625626:3,0
1649137629547:6,0
1649137634541:6,3
1649137823130:exit
1649137855123:rectangle:analyze
1649137888530:exit
1649137914544:rectangle:analyze
1649143395991:exit
1649143432820:rectangle:analyze
1649143440449:1,18
1649143444565:7,14
1649143450893:7,17
1649143460365:10,12
1649143479238:exit
